<?xml version="1.0" encoding="UTF-8"?>
<!-- Generated by org.testng.reporters.JUnitXMLReporter -->
<testsuite ignored="7" hostname="Anu" failures="0" tests="1" name="Default test" time="2.034" errors="0" timestamp="2022-07-26T12:29:22 GMT-06:00">
  <testcase classname="Tests.GETTest01" name="getUser_TestBlacklistHeaders" time="1.951"/>
  <testcase classname="Tests.GETTest01" name="getUser_Test2" time="0.0">
    <ignored/>
  </testcase> <!-- getUser_Test2 -->
  <testcase classname="Tests.GETTest01" name="getAllUsers" time="0.0">
    <ignored/>
  </testcase> <!-- getAllUsers -->
  <testcase classname="Tests.GETTest01" name="getUser_Test1" time="0.0">
    <ignored/>
  </testcase> <!-- getUser_Test1 -->
  <testcase classname="Tests.GETTest01" name="getUser_Test5" time="0.0">
    <ignored/>
  </testcase> <!-- getUser_Test5 -->
  <testcase classname="Tests.GETTest01" name="getUser_Test4" time="0.0">
    <ignored/>
  </testcase> <!-- getUser_Test4 -->
  <testcase classname="Tests.GETTest01" name="getUser_invalidTest1" time="0.0">
    <ignored/>
  </testcase> <!-- getUser_invalidTest1 -->
  <testcase classname="Tests.GETTest01" name="getUser_invalidTest2" time="0.0">
    <ignored/>
  </testcase> <!-- getUser_invalidTest2 -->
</testsuite> <!-- Default test -->
