<?xml version="1.0" encoding="UTF-8"?>
<testng-results ignored="7" total="8" passed="1" failed="0" skipped="0">
  <reporter-output>
  </reporter-output>
  <suite started-at="2022-07-26T12:29:20 GMT-06:00" name="Default suite" finished-at="2022-07-26T12:29:22 GMT-06:00" duration-ms="2034">
    <groups>
    </groups>
    <test started-at="2022-07-26T12:29:20 GMT-06:00" name="Default test" finished-at="2022-07-26T12:29:22 GMT-06:00" duration-ms="2034">
      <class name="Tests.GETTest01">
        <test-method signature="getUser_TestBlacklistHeaders()[pri:0, instance:Tests.GETTest01@36916eb0]" started-at="2022-07-26T12:29:20 GMT-06:00" name="getUser_TestBlacklistHeaders" finished-at="2022-07-26T12:29:22 GMT-06:00" duration-ms="1951" status="PASS">
          <reporter-output>
          </reporter-output>
        </test-method> <!-- getUser_TestBlacklistHeaders -->
      </class> <!-- Tests.GETTest01 -->
    </test> <!-- Default test -->
  </suite> <!-- Default suite -->
</testng-results>
